2025-06-11 10:43:21,139 [INFO] Activator:176 - 


2025-06-11 10:43:21,152 [INFO] Activator:177 - !SESSION log4j initialized
2025-06-11 10:43:30,561 [INFO] LogOutputStream:77 - [STDOUT_REDIRECT] 
2025-06-11 10:43:33,008 [INFO] ApplicationProperties:184 - Using Application install path: C:\ST\STM32CubeIDE_1.18.1\STM32CubeIDE\plugins\com.st.stm32cube.common.mx_6.14.1.202504091515
2025-06-11 10:43:33,047 [INFO] DbMcusXml:78 - Set database path to: C:\ST\STM32CubeIDE_1.18.1\STM32CubeIDE\plugins\com.st.stm32cube.common.mx_6.14.1.202504091515\\db\/mcu/
2025-06-11 10:43:33,048 [INFO] ApiDb:274 - Set plugin database path to: C:\ST\STM32CubeIDE_1.18.1\STM32CubeIDE\plugins\com.st.stm32cube.common.mx_6.14.1.202504091515\\db\/plugins/boardmanager/
2025-06-11 10:43:33,049 [WARN] ApiDb:259 - Overriding images path with different value:  => C:\ST\STM32CubeIDE_1.18.1\STM32CubeIDE\plugins\com.st.stm32cube.common.mx_6.14.1.202504091515\\db\/plugins/mcufinder/images/
2025-06-11 10:43:33,068 [INFO] ApiDb:250 - Set database path to: C:\Users\singh\.stmcufinder\plugins\mcufinder//mcu/
2025-06-11 10:43:33,072 [INFO] DbMcusAds:125 - Set database path to: C:\Users\singh\.stmcufinder\plugins\mcufinder//mcu/
2025-06-11 10:43:33,079 [INFO] CrossReferenceDbSqlite:203 - Set database path to: C:\Users\singh\.stmcufinder\plugins\mcufinder//mcu/cs/
2025-06-11 10:43:33,356 [INFO] RulesReader:64 - Compatibility file has been processed (302 Rules)
2025-06-11 10:43:33,518 [INFO] DbMcusXml:78 - Set database path to: C:\ST\STM32CubeIDE_1.18.1\STM32CubeIDE\plugins\com.st.stm32cube.common.mx_6.14.1.202504091515\\db\/mcu/
2025-06-11 10:43:33,518 [INFO] ApiDb:274 - Set plugin database path to: C:\ST\STM32CubeIDE_1.18.1\STM32CubeIDE\plugins\com.st.stm32cube.common.mx_6.14.1.202504091515\\db\/plugins/boardmanager/
2025-06-11 10:43:33,519 [INFO] ApiDb:261 - Set plugin images path to: C:\ST\STM32CubeIDE_1.18.1\STM32CubeIDE\plugins\com.st.stm32cube.common.mx_6.14.1.202504091515\\db\/plugins/mcufinder/images/
2025-06-11 10:43:33,519 [WARN] DbFile:41 - Overriding database path with different value: C:\Users\singh\.stmcufinder\plugins\mcufinder/ => C:\Users\singh\.stmcufinder\plugins\mcufinder
2025-06-11 10:43:33,519 [INFO] ApiDb:250 - Set database path to: C:\Users\singh\.stmcufinder\plugins\mcufinder//mcu/
2025-06-11 10:43:33,519 [WARN] DbFile:41 - Overriding database path with different value: C:\Users\singh\.stmcufinder\plugins\mcufinder/ => C:\Users\singh\.stmcufinder\plugins\mcufinder
2025-06-11 10:43:33,520 [INFO] DbMcusAds:125 - Set database path to: C:\Users\singh\.stmcufinder\plugins\mcufinder//mcu/
2025-06-11 10:43:33,520 [WARN] DbFile:41 - Overriding database path with different value: C:\Users\singh\.stmcufinder\plugins\mcufinder/ => C:\Users\singh\.stmcufinder\plugins\mcufinder
2025-06-11 10:43:33,520 [WARN] DbFile:41 - Overriding database path with different value: C:\Users\singh\.stmcufinder\plugins\mcufinder/ => C:\Users\singh\.stmcufinder\plugins\mcufinder
2025-06-11 10:43:33,520 [INFO] CrossReferenceDbSqlite:203 - Set database path to: C:\Users\singh\.stmcufinder\plugins\mcufinder//mcu/cs/
2025-06-11 10:43:33,659 [INFO] MainPanel:272 - HeapMemory: 268435456
2025-06-11 10:43:33,827 [INFO] DbMcusXml:78 - Set database path to: C:\ST\STM32CubeIDE_1.18.1\STM32CubeIDE\plugins\com.st.stm32cube.common.mx_6.14.1.202504091515\\db\/mcu/
2025-06-11 10:43:33,828 [INFO] ApiDb:274 - Set plugin database path to: C:\ST\STM32CubeIDE_1.18.1\STM32CubeIDE\plugins\com.st.stm32cube.common.mx_6.14.1.202504091515\\db\/plugins/boardmanager/
2025-06-11 10:43:33,828 [INFO] ApiDb:261 - Set plugin images path to: C:\ST\STM32CubeIDE_1.18.1\STM32CubeIDE\plugins\com.st.stm32cube.common.mx_6.14.1.202504091515\\db\/plugins/mcufinder/images/
2025-06-11 10:43:33,828 [WARN] DbFile:41 - Overriding database path with different value: C:\Users\singh\.stmcufinder\plugins\mcufinder/ => C:\Users\singh\.stmcufinder\plugins\mcufinder
2025-06-11 10:43:33,828 [INFO] ApiDb:250 - Set database path to: C:\Users\singh\.stmcufinder\plugins\mcufinder//mcu/
2025-06-11 10:43:33,828 [WARN] DbFile:41 - Overriding database path with different value: C:\Users\singh\.stmcufinder\plugins\mcufinder/ => C:\Users\singh\.stmcufinder\plugins\mcufinder
2025-06-11 10:43:33,829 [INFO] DbMcusAds:125 - Set database path to: C:\Users\singh\.stmcufinder\plugins\mcufinder//mcu/
2025-06-11 10:43:33,829 [WARN] DbFile:41 - Overriding database path with different value: C:\Users\singh\.stmcufinder\plugins\mcufinder/ => C:\Users\singh\.stmcufinder\plugins\mcufinder
2025-06-11 10:43:33,829 [WARN] DbFile:41 - Overriding database path with different value: C:\Users\singh\.stmcufinder\plugins\mcufinder/ => C:\Users\singh\.stmcufinder\plugins\mcufinder
2025-06-11 10:43:33,829 [INFO] CrossReferenceDbSqlite:203 - Set database path to: C:\Users\singh\.stmcufinder\plugins\mcufinder//mcu/cs/
2025-06-11 10:43:33,858 [INFO] ApplicationProperties:184 - Using Application install path: C:\ST\STM32CubeIDE_1.18.1\STM32CubeIDE\plugins\com.st.stm32cube.common.mx_6.14.1.202504091515
2025-06-11 10:43:33,860 [INFO] PluginManage:196 - Search for loadable plugins [exclusion list=, ]
2025-06-11 10:43:33,862 [INFO] PluginManage:310 - Check plugin analytics
2025-06-11 10:43:34,303 [INFO] AnalyticsPlugin:253 - Accepted Software Licenses: 
2025-06-11 10:43:34,305 [INFO] AnalyticsPlugin:255 - Accepted CMSIS Pack Licenses: 
2025-06-11 10:43:34,305 [INFO] AnalyticsPlugin:257 - Accepted Firmware Licenses: FW.G0.1.6.0
2025-06-11 10:43:34,313 [INFO] PluginManage:359 - Loaded plugin analytics (category:tool,tabindex:-1)
2025-06-11 10:43:34,314 [INFO] PluginManage:310 - Check plugin cadmodel
2025-06-11 10:43:34,327 [INFO] CADModel:105 - Init CAD model plugin
2025-06-11 10:43:34,327 [INFO] PluginManage:359 - Loaded plugin cadmodel (category:power,tabindex:5)
2025-06-11 10:43:34,328 [INFO] PluginManage:310 - Check plugin clock
2025-06-11 10:43:34,348 [INFO] PluginManage:359 - Loaded plugin clock (category:base,tabindex:2)
2025-06-11 10:43:34,349 [INFO] PluginManage:310 - Check plugin ddr
2025-06-11 10:43:34,354 [INFO] PluginManage:359 - Loaded plugin ddr (category:tool,tabindex:6)
2025-06-11 10:43:34,355 [INFO] PluginManage:310 - Check plugin filemanager
2025-06-11 10:43:34,671 [INFO] PluginManage:359 - Loaded plugin filemanager (category:base,tabindex:10)
2025-06-11 10:43:34,671 [INFO] PluginManage:310 - Check plugin ipmanager
2025-06-11 10:43:34,681 [INFO] PluginManage:359 - Loaded plugin ipmanager (category:base,tabindex:5)
2025-06-11 10:43:34,682 [INFO] PluginManage:310 - Check plugin lpbam
2025-06-11 10:43:34,695 [INFO] PluginManage:359 - Loaded plugin lpbam (category:base,tabindex:0)
2025-06-11 10:43:34,695 [INFO] PluginManage:310 - Check plugin memorymap
2025-06-11 10:43:34,720 [INFO] PluginManage:359 - Loaded plugin memorymap (category:base,tabindex:4)
2025-06-11 10:43:34,721 [INFO] PluginManage:310 - Check plugin pinoutandconfiguration
2025-06-11 10:43:34,737 [INFO] PluginManage:359 - Loaded plugin pinoutandconfiguration (category:base,tabindex:1)
2025-06-11 10:43:34,738 [INFO] PluginManage:310 - Check plugin pinoutconfig
2025-06-11 10:43:34,923 [WARN] SupportedApi:132 - Cannot load RTOS API schema: s4s-elt-must-match.1: The content of 'definitions' must match (annotation?, (simpleType | complexType)?, (unique | key | keyref)*)). A problem was found starting at: attribute.
2025-06-11 10:43:35,201 [INFO] PluginManage:359 - Loaded plugin pinoutconfig (category:base,tabindex:0)
2025-06-11 10:43:35,201 [INFO] PluginManage:310 - Check plugin power
2025-06-11 10:43:35,225 [INFO] PluginManage:359 - Loaded plugin power (category:power,tabindex:4)
2025-06-11 10:43:35,226 [INFO] PluginManage:310 - Check plugin projectmanager
2025-06-11 10:43:35,259 [INFO] PluginManage:359 - Loaded plugin projectmanager (category:projectmanager,tabindex:4)
2025-06-11 10:43:35,259 [INFO] PluginManage:310 - Check plugin rif
2025-06-11 10:43:35,276 [INFO] PluginManage:359 - Loaded plugin rif (category:base,tabindex:3)
2025-06-11 10:43:35,276 [INFO] PluginManage:310 - Check plugin thirdparty
2025-06-11 10:43:35,534 [INFO] PluginManage:359 - Loaded plugin thirdparty (category:base,tabindex:-1)
2025-06-11 10:43:35,535 [INFO] PluginManage:310 - Check plugin tools
2025-06-11 10:43:35,537 [WARN] IntegrityCheckThread:84 - waiting for thirdparty lock release [integrity check]
2025-06-11 10:43:35,538 [INFO] IntegrityCheckThread:86 - entering critical section [integrity check]
2025-06-11 10:43:35,539 [INFO] ThirdPartyUpdaterWithRetryManager:70 - Updater plugin not ready yet. [1/15]
2025-06-11 10:43:35,541 [INFO] PluginManage:359 - Loaded plugin tools (category:base,tabindex:7)
2025-06-11 10:43:35,542 [INFO] PluginManage:310 - Check plugin tutovideos
2025-06-11 10:43:35,918 [INFO] PluginManage:359 - Loaded plugin tutovideos (category:base,tabindex:-1)
2025-06-11 10:43:35,919 [INFO] PluginManage:310 - Check plugin updater
2025-06-11 10:43:35,967 [INFO] PluginManage:359 - Loaded plugin updater (category:base,tabindex:12)
2025-06-11 10:43:35,968 [INFO] PluginManage:310 - Check plugin userauth
2025-06-11 10:43:35,976 [INFO] UserAuth:118 - Init User Auth plugin
2025-06-11 10:43:35,978 [INFO] PluginManage:359 - Loaded plugin userauth (category:base,tabindex:14)
2025-06-11 10:43:35,979 [INFO] PluginManage:283 - PluginManage : Loaded plugins [18]
2025-06-11 10:43:36,330 [INFO] PinOutPanel:1589 - setPackage(No Configuration,No Configuration)
2025-06-11 10:43:36,464 [INFO] CADModel:165 - CPN selected for project level
2025-06-11 10:43:36,464 [INFO] CADModel:114 - Register for checkConnection events
2025-06-11 10:43:36,494 [INFO] IPUIPlugin:80 - create IPUIPlugin
2025-06-11 10:43:36,494 [INFO] PluginManager:220 - loadIPPluginJar : add adc
2025-06-11 10:43:36,499 [INFO] IPUIPlugin:80 - create IPUIPlugin
2025-06-11 10:43:36,499 [INFO] PluginManager:220 - loadIPPluginJar : add aes
2025-06-11 10:43:36,504 [INFO] IPUIPlugin:80 - create IPUIPlugin
2025-06-11 10:43:36,504 [INFO] PluginManager:220 - loadIPPluginJar : add can
2025-06-11 10:43:36,508 [INFO] IPUIPlugin:80 - create IPUIPlugin
2025-06-11 10:43:36,508 [INFO] PluginManager:220 - loadIPPluginJar : add comp
2025-06-11 10:43:36,512 [INFO] IPUIPlugin:80 - create IPUIPlugin
2025-06-11 10:43:36,512 [INFO] PluginManager:220 - loadIPPluginJar : add cryp
2025-06-11 10:43:36,518 [INFO] IPUIPlugin:80 - create IPUIPlugin
2025-06-11 10:43:36,518 [INFO] PluginManager:220 - loadIPPluginJar : add ddr_ctrl_phy
2025-06-11 10:43:36,523 [INFO] IPUIPlugin:80 - create IPUIPlugin
2025-06-11 10:43:36,523 [INFO] PluginManager:220 - loadIPPluginJar : add dfsdm
2025-06-11 10:43:36,530 [INFO] IPUIPlugin:80 - create IPUIPlugin
2025-06-11 10:43:36,532 [INFO] PluginManager:220 - loadIPPluginJar : add dma
2025-06-11 10:43:36,538 [INFO] IPUIPlugin:80 - create IPUIPlugin
2025-06-11 10:43:36,538 [INFO] PluginManager:220 - loadIPPluginJar : add dma3
2025-06-11 10:43:36,542 [INFO] IPUIPlugin:80 - create IPUIPlugin
2025-06-11 10:43:36,542 [INFO] PluginManager:220 - loadIPPluginJar : add extmemmanager
2025-06-11 10:43:36,546 [INFO] IPUIPlugin:80 - create IPUIPlugin
2025-06-11 10:43:36,546 [INFO] PluginManager:220 - loadIPPluginJar : add fatfs
2025-06-11 10:43:36,554 [INFO] IPUIPlugin:80 - create IPUIPlugin
2025-06-11 10:43:36,554 [INFO] PluginManager:220 - loadIPPluginJar : add fmc
2025-06-11 10:43:36,568 [INFO] IPUIPlugin:80 - create IPUIPlugin
2025-06-11 10:43:36,568 [INFO] PluginManager:220 - loadIPPluginJar : add freertos
2025-06-11 10:43:36,572 [INFO] IPUIPlugin:80 - create IPUIPlugin
2025-06-11 10:43:36,572 [INFO] PluginManager:220 - loadIPPluginJar : add genericplugin
2025-06-11 10:43:36,576 [INFO] IPUIPlugin:80 - create IPUIPlugin
2025-06-11 10:43:36,576 [INFO] PluginManager:220 - loadIPPluginJar : add gfxmmu
2025-06-11 10:43:36,585 [INFO] IPUIPlugin:80 - create IPUIPlugin
2025-06-11 10:43:36,585 [INFO] PluginManager:220 - loadIPPluginJar : add gic
2025-06-11 10:43:36,592 [INFO] IPUIPlugin:80 - create IPUIPlugin
2025-06-11 10:43:36,592 [INFO] PluginManager:220 - loadIPPluginJar : add gpio
2025-06-11 10:43:36,600 [INFO] IPUIPlugin:80 - create IPUIPlugin
2025-06-11 10:43:36,600 [INFO] PluginManager:220 - loadIPPluginJar : add gtzc
2025-06-11 10:43:36,604 [INFO] IPUIPlugin:80 - create IPUIPlugin
2025-06-11 10:43:36,604 [INFO] PluginManager:220 - loadIPPluginJar : add hash
2025-06-11 10:43:36,610 [INFO] IPUIPlugin:80 - create IPUIPlugin
2025-06-11 10:43:36,610 [INFO] PluginManager:220 - loadIPPluginJar : add i2c
2025-06-11 10:43:36,616 [INFO] IPUIPlugin:80 - create IPUIPlugin
2025-06-11 10:43:36,616 [INFO] PluginManager:220 - loadIPPluginJar : add i2s
2025-06-11 10:43:36,621 [INFO] IPUIPlugin:80 - create IPUIPlugin
2025-06-11 10:43:36,621 [INFO] PluginManager:220 - loadIPPluginJar : add i3c
2025-06-11 10:43:36,627 [INFO] IPUIPlugin:80 - create IPUIPlugin
2025-06-11 10:43:36,627 [INFO] PluginManager:220 - loadIPPluginJar : add ipddr
2025-06-11 10:43:36,641 [INFO] IPUIPlugin:80 - create IPUIPlugin
2025-06-11 10:43:36,641 [INFO] PluginManager:220 - loadIPPluginJar : add linkedlist
2025-06-11 10:43:36,647 [INFO] IPUIPlugin:80 - create IPUIPlugin
2025-06-11 10:43:36,647 [INFO] PluginManager:220 - loadIPPluginJar : add lorawan
2025-06-11 10:43:36,650 [INFO] IPUIPlugin:80 - create IPUIPlugin
2025-06-11 10:43:36,650 [INFO] PluginManager:220 - loadIPPluginJar : add ltdc
2025-06-11 10:43:36,662 [INFO] IPUIPlugin:80 - create IPUIPlugin
2025-06-11 10:43:36,662 [INFO] PluginManager:220 - loadIPPluginJar : add mdma
2025-06-11 10:43:36,670 [INFO] IPUIPlugin:80 - create IPUIPlugin
2025-06-11 10:43:36,670 [INFO] PluginManager:220 - loadIPPluginJar : add nvic
2025-06-11 10:43:36,677 [INFO] IPUIPlugin:80 - create IPUIPlugin
2025-06-11 10:43:36,677 [INFO] PluginManager:220 - loadIPPluginJar : add opamp
2025-06-11 10:43:36,685 [INFO] IPUIPlugin:80 - create IPUIPlugin
2025-06-11 10:43:36,685 [INFO] PluginManager:220 - loadIPPluginJar : add openamp
2025-06-11 10:43:36,693 [INFO] IPUIPlugin:80 - create IPUIPlugin
2025-06-11 10:43:36,693 [INFO] PluginManager:220 - loadIPPluginJar : add pdm2pcm
2025-06-11 10:43:36,707 [INFO] IPUIPlugin:80 - create IPUIPlugin
2025-06-11 10:43:36,713 [INFO] PluginManager:220 - loadIPPluginJar : add plateformsettings
2025-06-11 10:43:36,717 [INFO] IPUIPlugin:80 - create IPUIPlugin
2025-06-11 10:43:36,717 [INFO] PluginManager:220 - loadIPPluginJar : add quadspi
2025-06-11 10:43:36,721 [INFO] IPUIPlugin:80 - create IPUIPlugin
2025-06-11 10:43:36,723 [INFO] PluginManager:220 - loadIPPluginJar : add radio
2025-06-11 10:43:36,733 [INFO] IPUIPlugin:80 - create IPUIPlugin
2025-06-11 10:43:36,733 [INFO] PluginManager:220 - loadIPPluginJar : add resmgrutility
2025-06-11 10:43:36,742 [INFO] IPUIPlugin:80 - create IPUIPlugin
2025-06-11 10:43:36,743 [INFO] PluginManager:220 - loadIPPluginJar : add sai
2025-06-11 10:43:36,749 [INFO] IPUIPlugin:80 - create IPUIPlugin
2025-06-11 10:43:36,750 [INFO] PluginManager:220 - loadIPPluginJar : add spi
2025-06-11 10:43:36,764 [INFO] IPUIPlugin:80 - create IPUIPlugin
2025-06-11 10:43:36,765 [INFO] PluginManager:220 - loadIPPluginJar : add stm32_wpan
2025-06-11 10:43:36,770 [INFO] IPUIPlugin:80 - create IPUIPlugin
2025-06-11 10:43:36,770 [INFO] PluginManager:220 - loadIPPluginJar : add tim
2025-06-11 10:43:36,778 [INFO] IPUIPlugin:80 - create IPUIPlugin
2025-06-11 10:43:36,778 [INFO] PluginManager:220 - loadIPPluginJar : add touchsensing
2025-06-11 10:43:36,783 [INFO] IPUIPlugin:80 - create IPUIPlugin
2025-06-11 10:43:36,783 [INFO] PluginManager:220 - loadIPPluginJar : add tracer_emb
2025-06-11 10:43:36,788 [INFO] IPUIPlugin:80 - create IPUIPlugin
2025-06-11 10:43:36,788 [INFO] PluginManager:220 - loadIPPluginJar : add ts
2025-06-11 10:43:36,793 [INFO] IPUIPlugin:80 - create IPUIPlugin
2025-06-11 10:43:36,793 [INFO] PluginManager:220 - loadIPPluginJar : add tsc
2025-06-11 10:43:36,797 [INFO] IPUIPlugin:80 - create IPUIPlugin
2025-06-11 10:43:36,797 [INFO] PluginManager:220 - loadIPPluginJar : add ucpd
2025-06-11 10:43:36,805 [INFO] IPUIPlugin:80 - create IPUIPlugin
2025-06-11 10:43:36,805 [INFO] PluginManager:220 - loadIPPluginJar : add usart
2025-06-11 10:43:36,812 [INFO] IPUIPlugin:80 - create IPUIPlugin
2025-06-11 10:43:36,813 [INFO] PluginManager:220 - loadIPPluginJar : add usbx
2025-06-11 10:43:37,010 [FATAL] Updater:351 - Updater called before beeing initialized
2025-06-11 10:43:37,070 [INFO] RulesReader:64 - Compatibility file has been processed (302 Rules)
2025-06-11 10:43:37,094 [INFO] RulesReader:64 - Compatibility file has been processed (302 Rules)
2025-06-11 10:43:37,109 [INFO] CADModel:165 - CPN selected for project level
2025-06-11 10:43:37,110 [INFO] CADModel:114 - Register for checkConnection events
2025-06-11 10:43:37,110 [FATAL] Updater:351 - Updater called before beeing initialized
2025-06-11 10:43:37,110 [ERROR] CADModel:125 - Updater not yet initialized, retry later 
2025-06-11 10:43:37,359 [FATAL] Updater:351 - Updater called before beeing initialized
2025-06-11 10:43:37,362 [INFO] CADModel:165 - CPN selected for project level
2025-06-11 10:43:37,362 [INFO] CADModel:114 - Register for checkConnection events
2025-06-11 10:43:37,362 [FATAL] Updater:351 - Updater called before beeing initialized
2025-06-11 10:43:37,363 [ERROR] CADModel:125 - Updater not yet initialized, retry later 
2025-06-11 10:43:37,367 [FATAL] Updater:351 - Updater called before beeing initialized
2025-06-11 10:43:37,596 [FATAL] Updater:351 - Updater called before beeing initialized
2025-06-11 10:43:37,602 [INFO] DbMcusAds:53 - JSON generation date=Thu Mar 06 20:24:21 IST 2025 (1741272861825)
2025-06-11 10:43:37,602 [FATAL] Updater:351 - Updater called before beeing initialized
2025-06-11 10:43:37,664 [WARN] DetailPanel:346 - Failed to get advertising image, set to default
2025-06-11 10:43:38,148 [FATAL] Updater:351 - Updater called before beeing initialized
2025-06-11 10:43:38,152 [FATAL] Updater:351 - Updater called before beeing initialized
2025-06-11 10:43:38,152 [FATAL] Updater:351 - Updater called before beeing initialized
2025-06-11 10:43:38,153 [WARN] DetailPanel:346 - Failed to get advertising image, set to default
2025-06-11 10:43:38,154 [FATAL] Updater:351 - Updater called before beeing initialized
2025-06-11 10:43:38,239 [ERROR] Updater:1198 - MainUpdater not yet initialized. External WinMGr cannot be set.
2025-06-11 10:43:38,242 [INFO] Updater:1134 - Updater Version found : 6.14.1
2025-06-11 10:43:38,278 [INFO] ApplicationProperties:184 - Using Application install path: C:\ST\STM32CubeIDE_1.18.1\STM32CubeIDE\plugins\com.st.stm32cube.common.mx_6.14.1.202504091515
2025-06-11 10:43:38,541 [INFO] ThirdPartyUpdaterWithRetryManager:70 - Updater plugin not ready yet. [2/15]
2025-06-11 10:43:38,771 [INFO] MainUpdater:2872 - connection check result : 10
2025-06-11 10:43:38,772 [INFO] MainUpdater:289 - Updater Check For Update Now.
2025-06-11 10:43:38,772 [INFO] MicroXplorer:498 - Change Database Version : DB.6.0.141
2025-06-11 10:43:38,783 [INFO] McuFinderGlobals:63 - Set McuFinder mode to 2 (CubeIDE integrated)
2025-06-11 10:43:38,785 [INFO] UserAuth:484 - Internet connection configuration mode: 1
2025-06-11 10:43:38,836 [INFO] JxBrowserEngine:152 - Initiate JxBrowser Engine with user profile folder
2025-06-11 10:43:39,269 [INFO] CheckServerUpdateThread:120 - End of CheckServer Thread
2025-06-11 10:43:42,190 [INFO] WebApp:169 - Instantiating new browser for Auth
2025-06-11 10:43:42,485 [WARN] PackLoader:240 - Cannot read IP mode file for STMicroelectronics.FP-SNS-MOTENVWB1.1.4.0
2025-06-11 10:43:42,533 [WARN] PackLoader:240 - Cannot read IP mode file for STMicroelectronics.FP-ATR-ASTRA1.2.0.2
2025-06-11 10:43:42,559 [WARN] PackLoader:240 - Cannot read IP mode file for STMicroelectronics.X-CUBE-SMBUS.2.1.0
2025-06-11 10:43:42,575 [WARN] PackLoader:240 - Cannot read IP mode file for STMicroelectronics.X-CUBE-ST60.1.0.0
2025-06-11 10:43:42,662 [WARN] PackLoader:240 - Cannot read IP mode file for STMicroelectronics.X-CUBE-AZRTOS-F7.1.1.0
2025-06-11 10:43:42,817 [WARN] PackLoader:240 - Cannot read IP mode file for Infineon.AIROC-Wi-Fi-Bluetooth-STM32.1.7.0
2025-06-11 10:43:42,863 [WARN] PackLoader:240 - Cannot read IP mode file for STMicroelectronics.X-CUBE-DISPLAY.3.0.0
2025-06-11 10:43:42,924 [WARN] PackLoader:240 - Cannot read IP mode file for STMicroelectronics.X-CUBE-NFC10.1.0.0
2025-06-11 10:43:43,169 [WARN] PackLoader:240 - Cannot read IP mode file for STMicroelectronics.X-CUBE-BLEMGR.4.0.0
2025-06-11 10:43:43,195 [WARN] PackLoader:240 - Cannot read IP mode file for emotas.I-CUBE-CANOPEN.1.3.0
2025-06-11 10:43:43,214 [WARN] ConditionMgr:438 - getConditionDescription Invalid condition id : Cortex-A Device cause : null
2025-06-11 10:43:43,269 [WARN] ConditionMgr:1044 - genDependencies : Invalid condition id : Cortex-A Device cause : null
2025-06-11 10:43:43,269 [WARN] ConditionMgr:1044 - genDependencies : Invalid condition id : Cortex-A Device cause : null
2025-06-11 10:43:43,270 [WARN] ConditionMgr:1044 - genDependencies : Invalid condition id : Cortex-A Device cause : null
2025-06-11 10:43:43,281 [WARN] PackLoader:240 - Cannot read IP mode file for STMicroelectronics.X-CUBE-AI.10.0.0
2025-06-11 10:43:43,294 [WARN] PackLoader:240 - Cannot read IP mode file for STMicroelectronics.FP-SNS-SMARTAG2.1.2.0
2025-06-11 10:43:43,306 [WARN] PackLoader:240 - Cannot read IP mode file for STMicroelectronics.FP-SNS-FLIGHT1.5.1.0
2025-06-11 10:43:43,328 [INFO] LogOutputStream:77 - [STDOUT_REDIRECT] 1 : Invalid condition id : UX_CORESTACK_Condition cause : null
2025-06-11 10:43:43,330 [INFO] LogOutputStream:77 - [STDOUT_REDIRECT] 1 : Invalid condition id : UX_CORESTACK_Condition cause : null
2025-06-11 10:43:43,333 [INFO] LogOutputStream:77 - [STDOUT_REDIRECT] 1 : Invalid condition id : UX_CORESTACK_Condition cause : null
2025-06-11 10:43:43,335 [INFO] LogOutputStream:77 - [STDOUT_REDIRECT] 1 : Invalid condition id : UX_CORESTACK_Condition cause : null
2025-06-11 10:43:43,339 [INFO] LogOutputStream:77 - [STDOUT_REDIRECT] 1 : Invalid condition id : UX_CORESTACK_Condition cause : null
2025-06-11 10:43:43,348 [WARN] PackLoader:240 - Cannot read IP mode file for STMicroelectronics.X-CUBE-AZRTOS-WL.2.0.0
2025-06-11 10:43:43,361 [WARN] PackLoader:240 - Cannot read IP mode file for STMicroelectronics.FP-SNS-MOTENV1.5.0.0
2025-06-11 10:43:43,380 [WARN] PackLoader:240 - Cannot read IP mode file for WES.I-CUBE-Cesium.1.3.0
2025-06-11 10:43:43,391 [WARN] PackLoader:240 - Cannot read IP mode file for STMicroelectronics.X-CUBE-BLE2.3.3.0
2025-06-11 10:43:43,406 [WARN] PackLoader:240 - Cannot read IP mode file for STMicroelectronics.X-CUBE-NFC9.1.0.0
2025-06-11 10:43:43,422 [WARN] PackLoader:240 - Cannot read IP mode file for STMicroelectronics.X-CUBE-BLE1.7.1.0
2025-06-11 10:43:43,432 [WARN] PackLoader:240 - Cannot read IP mode file for wolfSSL.I-CUBE-wolfMQTT.1.19.2
2025-06-11 10:43:43,439 [WARN] PackLoader:240 - Cannot read IP mode file for STMicroelectronics.X-CUBE-AI.10.1.0
2025-06-11 10:43:43,560 [WARN] PackLoader:240 - Cannot read IP mode file for STMicroelectronics.X-CUBE-MEMS1.11.2.0
2025-06-11 10:43:43,966 [WARN] PackLoader:240 - Cannot read IP mode file for STMicroelectronics.X-CUBE-AZRTOS-G0.1.1.0
2025-06-11 10:43:44,011 [WARN] PackLoader:240 - Cannot read IP mode file for STMicroelectronics.X-CUBE-SAFEA1.1.2.2
2025-06-11 10:43:44,027 [WARN] PackLoader:240 - Cannot read IP mode file for STMicroelectronics.X-CUBE-NFC4.3.0.0
2025-06-11 10:43:44,048 [WARN] PackLoader:240 - Cannot read IP mode file for EmbeddedOffice.I-CUBE-FS-RTOS.1.0.1
2025-06-11 10:43:44,064 [WARN] PackLoader:240 - Cannot read IP mode file for STMicroelectronics.X-CUBE-WB05N.2.0.0
2025-06-11 10:43:44,072 [WARN] PackLoader:240 - Cannot read IP mode file for wolfSSL.I-CUBE-wolfTPM.3.8.0
2025-06-11 10:43:44,084 [WARN] PackLoader:240 - Cannot read IP mode file for STMicroelectronics.X-CUBE-TCPP.4.2.0
2025-06-11 10:43:44,100 [WARN] PackLoader:240 - Cannot read IP mode file for RealThread.X-CUBE-RT-Thread_Nano.4.1.1
2025-06-11 10:43:44,108 [WARN] PackLoader:240 - Cannot read IP mode file for STMicroelectronics.FP-ATR-SIGFOX1.3.2.0
2025-06-11 10:43:44,172 [WARN] PackLoader:240 - Cannot read IP mode file for STMicroelectronics.X-CUBE-EEPRMA1.5.1.0
2025-06-11 10:43:44,184 [WARN] PackLoader:240 - Cannot read IP mode file for wolfSSL.I-CUBE-wolfSSL.5.7.6
2025-06-11 10:43:44,197 [WARN] PackLoader:240 - Cannot read IP mode file for ITTIA_DB.I-CUBE-ITTIADB.8.9.0
2025-06-11 10:43:44,209 [WARN] PackLoader:240 - Cannot read IP mode file for STMicroelectronics.X-CUBE-ST67W61.1.0.0
2025-06-11 10:43:44,280 [WARN] PackLoader:240 - Cannot read IP mode file for SEGGER.I-CUBE-embOS.1.3.1
2025-06-11 10:43:44,378 [WARN] PackLoader:240 - Cannot read IP mode file for STMicroelectronics.X-CUBE-ALGOBUILD.1.4.0
2025-06-11 10:43:44,509 [WARN] PackLoader:240 - Cannot read IP mode file for STMicroelectronics.X-CUBE-MEMS1.11.3.0
2025-06-11 10:43:44,901 [WARN] PackLoader:240 - Cannot read IP mode file for STMicroelectronics.X-CUBE-AZRTOS-F4.1.1.0
2025-06-11 10:43:44,901 [INFO] WebApp:463 - Apply proxy settings
2025-06-11 10:43:44,902 [INFO] WebApp:548 - Chromium requires no authentication
2025-06-11 10:43:44,916 [WARN] PackLoader:240 - Cannot read IP mode file for Avnet-IotConnect.X-CUBE-IoTC-DA16k-PMOD.1.0.0
2025-06-11 10:43:44,923 [INFO] WebApp:491 - Direct internet connection detected
2025-06-11 10:43:44,931 [WARN] PackLoader:240 - Cannot read IP mode file for STMicroelectronics.X-CUBE-ISPU.2.1.0
2025-06-11 10:43:44,988 [WARN] PackLoader:240 - Cannot read IP mode file for STMicroelectronics.X-CUBE-AZRTOS-L5.2.0.0
2025-06-11 10:43:45,014 [INFO] WebApp:894 - Register for checkConnection events
2025-06-11 10:43:45,014 [INFO] WebApp:463 - Apply proxy settings
2025-06-11 10:43:45,014 [INFO] WebApp:548 - Chromium requires no authentication
2025-06-11 10:43:45,018 [INFO] WebApp:491 - Direct internet connection detected
2025-06-11 10:43:45,020 [WARN] PackLoader:240 - Cannot read IP mode file for STMicroelectronics.X-CUBE-NFC6.3.1.0
2025-06-11 10:43:45,036 [WARN] PackLoader:240 - Cannot read IP mode file for STMicroelectronics.X-CUBE-FREERTOS.1.3.1
2025-06-11 10:43:45,048 [WARN] PackLoader:240 - Cannot read IP mode file for STMicroelectronics.X-CUBE-FREERTOS.1.3.0
2025-06-11 10:43:45,057 [WARN] PackLoader:240 - Cannot read IP mode file for STMicroelectronics.X-CUBE-NFC7.1.0.1
2025-06-11 10:43:45,071 [WARN] PackLoader:240 - Cannot read IP mode file for STMicroelectronics.X-CUBE-DPower.1.3.0
2025-06-11 10:43:45,113 [WARN] ConditionMgr:438 - getConditionDescription Invalid condition id : LAN8742 Phy interface Condition cause : null
2025-06-11 10:43:45,114 [WARN] PackLoader:240 - Cannot read IP mode file for STMicroelectronics.X-CUBE-AZRTOS-L4.2.0.0
2025-06-11 10:43:45,117 [WARN] ConditionMgr:1044 - genDependencies : Invalid condition id : LAN8742 Phy interface Condition cause : null
2025-06-11 10:43:45,118 [WARN] ConditionMgr:1044 - genDependencies : Invalid condition id : LAN8742 Phy interface Condition cause : null
2025-06-11 10:43:45,119 [WARN] ConditionMgr:1044 - genDependencies : Invalid condition id : LAN8742 Phy interface Condition cause : null
2025-06-11 10:43:45,135 [WARN] PackLoader:240 - Cannot read IP mode file for STMicroelectronics.X-CUBE-SFXS2LP1.4.0.0
2025-06-11 10:43:45,200 [WARN] PackLoader:240 - Cannot read IP mode file for STMicroelectronics.X-CUBE-AZRTOS-H7.3.3.0
2025-06-11 10:43:45,240 [WARN] ConditionMgr:438 - getConditionDescription Invalid condition id : UX DEVICE CLASS RTOS Condition cause : null
2025-06-11 10:43:45,240 [WARN] ConditionMgr:438 - getConditionDescription Invalid condition id : UX DEVICE CLASS RTOS Condition cause : null
2025-06-11 10:43:45,245 [WARN] PackLoader:240 - Cannot read IP mode file for STMicroelectronics.X-CUBE-AZRTOS-WB.2.0.0
2025-06-11 10:43:45,246 [WARN] ConditionMgr:1044 - genDependencies : Invalid condition id : UX DEVICE CLASS RTOS Condition cause : null
2025-06-11 10:43:45,247 [WARN] ConditionMgr:1044 - genDependencies : Invalid condition id : UX DEVICE CLASS RTOS Condition cause : null
2025-06-11 10:43:45,247 [WARN] ConditionMgr:1044 - genDependencies : Invalid condition id : UX DEVICE CLASS RTOS Condition cause : null
2025-06-11 10:43:45,248 [WARN] ConditionMgr:1044 - genDependencies : Invalid condition id : UX DEVICE CLASS RTOS Condition cause : null
2025-06-11 10:43:45,248 [WARN] ConditionMgr:1044 - genDependencies : Invalid condition id : UX DEVICE CLASS RTOS Condition cause : null
2025-06-11 10:43:45,261 [WARN] PackLoader:240 - Cannot read IP mode file for STMicroelectronics.X-CUBE-GNSS1.7.0.1
2025-06-11 10:43:45,271 [WARN] PackLoader:240 - Cannot read IP mode file for STMicroelectronics.X-CUBE-TOUCHGFX.4.25.0
2025-06-11 10:43:45,289 [WARN] PackLoader:240 - Cannot read IP mode file for STMicroelectronics.FP-SNS-STBOX1.2.0.0
2025-06-11 10:43:45,319 [WARN] PackLoader:240 - Cannot read IP mode file for STMicroelectronics.X-CUBE-SUBG2.5.0.0
2025-06-11 10:43:45,360 [WARN] PackLoader:240 - Cannot read IP mode file for STMicroelectronics.X-CUBE-AZRTOS-H7RS.1.1.0
2025-06-11 10:43:45,373 [WARN] PackLoader:240 - Cannot read IP mode file for Cesanta.I-CUBE-Mongoose.7.13.0
2025-06-11 10:43:45,402 [WARN] PackLoader:240 - Cannot read IP mode file for STMicroelectronics.X-CUBE-AZRTOS-G4.2.0.0
2025-06-11 10:43:45,411 [WARN] PackLoader:240 - Cannot read IP mode file for wolfSSL.I-CUBE-wolfSSH.1.4.20
2025-06-11 10:43:45,423 [WARN] PackLoader:240 - Cannot read IP mode file for STMicroelectronics.X-CUBE-NFC7.2.0.0
2025-06-11 10:43:45,443 [WARN] PackLoader:240 - Cannot read IP mode file for STMicroelectronics.X-CUBE-IPS.3.1.0
2025-06-11 10:43:45,460 [WARN] PackLoader:240 - Cannot read IP mode file for STMicroelectronics.X-CUBE-ALS.1.0.2
2025-06-11 10:43:45,469 [WARN] PackLoader:240 - Cannot read IP mode file for portGmbH.I-Cube-SoM-uGOAL.1.1.0
2025-06-11 10:43:45,488 [WARN] PackLoader:240 - Cannot read IP mode file for STMicroelectronics.X-CUBE-TOF1.3.4.3
2025-06-11 10:43:45,506 [INFO] ThirdParty:978 - Integrity check success = true
2025-06-11 10:43:45,506 [INFO] IntegrityCheckThread:100 - exiting critical section [integrity check]
2025-06-11 10:43:45,506 [INFO] IntegrityCheckThread:103 - End integrity checks thread
2025-06-11 10:43:45,555 [INFO] WebApp:225 - Starting web application
2025-06-11 10:43:45,555 [INFO] WebApp:593 - Web application path used C:\ST\STM32CubeIDE_1.18.1\STM32CubeIDE\plugins\com.st.stm32cube.common.mx_6.14.1.202504091515\db\plugins\mcufinder\reactClient1\index.html
2025-06-11 10:43:45,990 [INFO] UserAuth:484 - Internet connection configuration mode: 1
2025-06-11 10:43:46,822 [INFO] WebApp:191 - Connection restablished
2025-06-11 13:05:47,123 [ERROR] LogOutputStream:75 - [STDERR_REDIRECT] 
