2025-06-23 08:58:30,430 [INFO] Activator:176 - 


2025-06-23 08:58:30,443 [INFO] Activator:177 - !SESSION log4j initialized
2025-06-23 08:58:39,130 [INFO] LogOutputStream:77 - [STDOUT_REDIRECT] 
2025-06-23 08:58:46,139 [INFO] ApplicationProperties:184 - Using Application install path: C:\ST\STM32CubeIDE_1.18.1\STM32CubeIDE\plugins\com.st.stm32cube.common.mx_6.14.1.202504091515
2025-06-23 08:58:46,165 [INFO] DbMcusXml:78 - Set database path to: C:\ST\STM32CubeIDE_1.18.1\STM32CubeIDE\plugins\com.st.stm32cube.common.mx_6.14.1.202504091515\\db\/mcu/
2025-06-23 08:58:46,165 [INFO] ApiDb:274 - Set plugin database path to: C:\ST\STM32CubeIDE_1.18.1\STM32CubeIDE\plugins\com.st.stm32cube.common.mx_6.14.1.202504091515\\db\/plugins/boardmanager/
2025-06-23 08:58:46,165 [WARN] ApiDb:259 - Overriding images path with different value:  => C:\ST\STM32CubeIDE_1.18.1\STM32CubeIDE\plugins\com.st.stm32cube.common.mx_6.14.1.202504091515\\db\/plugins/mcufinder/images/
2025-06-23 08:58:46,180 [INFO] ApiDb:250 - Set database path to: C:\Users\singh\.stmcufinder\plugins\mcufinder//mcu/
2025-06-23 08:58:46,181 [INFO] DbMcusAds:125 - Set database path to: C:\Users\singh\.stmcufinder\plugins\mcufinder//mcu/
2025-06-23 08:58:46,184 [INFO] CrossReferenceDbSqlite:203 - Set database path to: C:\Users\singh\.stmcufinder\plugins\mcufinder//mcu/cs/
2025-06-23 08:58:46,343 [INFO] RulesReader:64 - Compatibility file has been processed (302 Rules)
2025-06-23 08:58:46,441 [INFO] DbMcusXml:78 - Set database path to: C:\ST\STM32CubeIDE_1.18.1\STM32CubeIDE\plugins\com.st.stm32cube.common.mx_6.14.1.202504091515\\db\/mcu/
2025-06-23 08:58:46,442 [INFO] ApiDb:274 - Set plugin database path to: C:\ST\STM32CubeIDE_1.18.1\STM32CubeIDE\plugins\com.st.stm32cube.common.mx_6.14.1.202504091515\\db\/plugins/boardmanager/
2025-06-23 08:58:46,442 [INFO] ApiDb:261 - Set plugin images path to: C:\ST\STM32CubeIDE_1.18.1\STM32CubeIDE\plugins\com.st.stm32cube.common.mx_6.14.1.202504091515\\db\/plugins/mcufinder/images/
2025-06-23 08:58:46,442 [WARN] DbFile:41 - Overriding database path with different value: C:\Users\singh\.stmcufinder\plugins\mcufinder/ => C:\Users\singh\.stmcufinder\plugins\mcufinder
2025-06-23 08:58:46,442 [INFO] ApiDb:250 - Set database path to: C:\Users\singh\.stmcufinder\plugins\mcufinder//mcu/
2025-06-23 08:58:46,442 [WARN] DbFile:41 - Overriding database path with different value: C:\Users\singh\.stmcufinder\plugins\mcufinder/ => C:\Users\singh\.stmcufinder\plugins\mcufinder
2025-06-23 08:58:46,442 [INFO] DbMcusAds:125 - Set database path to: C:\Users\singh\.stmcufinder\plugins\mcufinder//mcu/
2025-06-23 08:58:46,442 [WARN] DbFile:41 - Overriding database path with different value: C:\Users\singh\.stmcufinder\plugins\mcufinder/ => C:\Users\singh\.stmcufinder\plugins\mcufinder
2025-06-23 08:58:46,442 [WARN] DbFile:41 - Overriding database path with different value: C:\Users\singh\.stmcufinder\plugins\mcufinder/ => C:\Users\singh\.stmcufinder\plugins\mcufinder
2025-06-23 08:58:46,443 [INFO] CrossReferenceDbSqlite:203 - Set database path to: C:\Users\singh\.stmcufinder\plugins\mcufinder//mcu/cs/
2025-06-23 08:58:46,538 [INFO] MainPanel:272 - HeapMemory: 268435456
2025-06-23 08:58:46,665 [INFO] DbMcusXml:78 - Set database path to: C:\ST\STM32CubeIDE_1.18.1\STM32CubeIDE\plugins\com.st.stm32cube.common.mx_6.14.1.202504091515\\db\/mcu/
2025-06-23 08:58:46,666 [INFO] ApiDb:274 - Set plugin database path to: C:\ST\STM32CubeIDE_1.18.1\STM32CubeIDE\plugins\com.st.stm32cube.common.mx_6.14.1.202504091515\\db\/plugins/boardmanager/
2025-06-23 08:58:46,666 [INFO] ApiDb:261 - Set plugin images path to: C:\ST\STM32CubeIDE_1.18.1\STM32CubeIDE\plugins\com.st.stm32cube.common.mx_6.14.1.202504091515\\db\/plugins/mcufinder/images/
2025-06-23 08:58:46,666 [WARN] DbFile:41 - Overriding database path with different value: C:\Users\singh\.stmcufinder\plugins\mcufinder/ => C:\Users\singh\.stmcufinder\plugins\mcufinder
2025-06-23 08:58:46,666 [INFO] ApiDb:250 - Set database path to: C:\Users\singh\.stmcufinder\plugins\mcufinder//mcu/
2025-06-23 08:58:46,666 [WARN] DbFile:41 - Overriding database path with different value: C:\Users\singh\.stmcufinder\plugins\mcufinder/ => C:\Users\singh\.stmcufinder\plugins\mcufinder
2025-06-23 08:58:46,666 [INFO] DbMcusAds:125 - Set database path to: C:\Users\singh\.stmcufinder\plugins\mcufinder//mcu/
2025-06-23 08:58:46,666 [WARN] DbFile:41 - Overriding database path with different value: C:\Users\singh\.stmcufinder\plugins\mcufinder/ => C:\Users\singh\.stmcufinder\plugins\mcufinder
2025-06-23 08:58:46,667 [WARN] DbFile:41 - Overriding database path with different value: C:\Users\singh\.stmcufinder\plugins\mcufinder/ => C:\Users\singh\.stmcufinder\plugins\mcufinder
2025-06-23 08:58:46,667 [INFO] CrossReferenceDbSqlite:203 - Set database path to: C:\Users\singh\.stmcufinder\plugins\mcufinder//mcu/cs/
2025-06-23 08:58:46,687 [INFO] ApplicationProperties:184 - Using Application install path: C:\ST\STM32CubeIDE_1.18.1\STM32CubeIDE\plugins\com.st.stm32cube.common.mx_6.14.1.202504091515
2025-06-23 08:58:46,688 [INFO] PluginManage:196 - Search for loadable plugins [exclusion list=, ]
2025-06-23 08:58:46,689 [INFO] PluginManage:310 - Check plugin analytics
2025-06-23 08:58:46,940 [INFO] AnalyticsPlugin:253 - Accepted Software Licenses: 
2025-06-23 08:58:46,940 [INFO] AnalyticsPlugin:255 - Accepted CMSIS Pack Licenses: 
2025-06-23 08:58:46,941 [INFO] AnalyticsPlugin:257 - Accepted Firmware Licenses: FW.G0.1.6.0
2025-06-23 08:58:46,944 [INFO] PluginManage:359 - Loaded plugin analytics (category:tool,tabindex:-1)
2025-06-23 08:58:46,944 [INFO] PluginManage:310 - Check plugin cadmodel
2025-06-23 08:58:46,957 [INFO] CADModel:105 - Init CAD model plugin
2025-06-23 08:58:46,958 [INFO] PluginManage:359 - Loaded plugin cadmodel (category:power,tabindex:5)
2025-06-23 08:58:46,958 [INFO] PluginManage:310 - Check plugin clock
2025-06-23 08:58:46,978 [INFO] PluginManage:359 - Loaded plugin clock (category:base,tabindex:2)
2025-06-23 08:58:46,979 [INFO] PluginManage:310 - Check plugin ddr
2025-06-23 08:58:46,983 [INFO] PluginManage:359 - Loaded plugin ddr (category:tool,tabindex:6)
2025-06-23 08:58:46,983 [INFO] PluginManage:310 - Check plugin filemanager
2025-06-23 08:58:47,176 [INFO] PluginManage:359 - Loaded plugin filemanager (category:base,tabindex:10)
2025-06-23 08:58:47,177 [INFO] PluginManage:310 - Check plugin ipmanager
2025-06-23 08:58:47,187 [INFO] PluginManage:359 - Loaded plugin ipmanager (category:base,tabindex:5)
2025-06-23 08:58:47,188 [INFO] PluginManage:310 - Check plugin lpbam
2025-06-23 08:58:47,199 [INFO] PluginManage:359 - Loaded plugin lpbam (category:base,tabindex:0)
2025-06-23 08:58:47,199 [INFO] PluginManage:310 - Check plugin memorymap
2025-06-23 08:58:47,223 [INFO] PluginManage:359 - Loaded plugin memorymap (category:base,tabindex:4)
2025-06-23 08:58:47,223 [INFO] PluginManage:310 - Check plugin pinoutandconfiguration
2025-06-23 08:58:47,237 [INFO] PluginManage:359 - Loaded plugin pinoutandconfiguration (category:base,tabindex:1)
2025-06-23 08:58:47,237 [INFO] PluginManage:310 - Check plugin pinoutconfig
2025-06-23 08:58:47,387 [WARN] SupportedApi:132 - Cannot load RTOS API schema: s4s-elt-must-match.1: The content of 'definitions' must match (annotation?, (simpleType | complexType)?, (unique | key | keyref)*)). A problem was found starting at: attribute.
2025-06-23 08:58:47,575 [INFO] PluginManage:359 - Loaded plugin pinoutconfig (category:base,tabindex:0)
2025-06-23 08:58:47,575 [INFO] PluginManage:310 - Check plugin power
2025-06-23 08:58:47,595 [INFO] PluginManage:359 - Loaded plugin power (category:power,tabindex:4)
2025-06-23 08:58:47,595 [INFO] PluginManage:310 - Check plugin projectmanager
2025-06-23 08:58:47,614 [INFO] PluginManage:359 - Loaded plugin projectmanager (category:projectmanager,tabindex:4)
2025-06-23 08:58:47,614 [INFO] PluginManage:310 - Check plugin rif
2025-06-23 08:58:47,628 [INFO] PluginManage:359 - Loaded plugin rif (category:base,tabindex:3)
2025-06-23 08:58:47,628 [INFO] PluginManage:310 - Check plugin thirdparty
2025-06-23 08:58:47,814 [WARN] IntegrityCheckThread:84 - waiting for thirdparty lock release [integrity check]
2025-06-23 08:58:47,814 [INFO] PluginManage:359 - Loaded plugin thirdparty (category:base,tabindex:-1)
2025-06-23 08:58:47,814 [INFO] IntegrityCheckThread:86 - entering critical section [integrity check]
2025-06-23 08:58:47,814 [INFO] PluginManage:310 - Check plugin tools
2025-06-23 08:58:47,816 [INFO] ThirdPartyUpdaterWithRetryManager:70 - Updater plugin not ready yet. [1/15]
2025-06-23 08:58:47,818 [INFO] PluginManage:359 - Loaded plugin tools (category:base,tabindex:7)
2025-06-23 08:58:47,819 [INFO] PluginManage:310 - Check plugin tutovideos
2025-06-23 08:58:48,076 [INFO] PluginManage:359 - Loaded plugin tutovideos (category:base,tabindex:-1)
2025-06-23 08:58:48,077 [INFO] PluginManage:310 - Check plugin updater
2025-06-23 08:58:48,113 [INFO] PluginManage:359 - Loaded plugin updater (category:base,tabindex:12)
2025-06-23 08:58:48,114 [INFO] PluginManage:310 - Check plugin userauth
2025-06-23 08:58:48,122 [INFO] UserAuth:118 - Init User Auth plugin
2025-06-23 08:58:48,123 [INFO] PluginManage:359 - Loaded plugin userauth (category:base,tabindex:14)
2025-06-23 08:58:48,124 [INFO] PluginManage:283 - PluginManage : Loaded plugins [18]
2025-06-23 08:58:48,418 [INFO] PinOutPanel:1589 - setPackage(No Configuration,No Configuration)
2025-06-23 08:58:48,530 [INFO] CADModel:165 - CPN selected for project level
2025-06-23 08:58:48,530 [INFO] CADModel:114 - Register for checkConnection events
2025-06-23 08:58:48,554 [INFO] IPUIPlugin:80 - create IPUIPlugin
2025-06-23 08:58:48,554 [INFO] PluginManager:220 - loadIPPluginJar : add adc
2025-06-23 08:58:48,559 [INFO] IPUIPlugin:80 - create IPUIPlugin
2025-06-23 08:58:48,559 [INFO] PluginManager:220 - loadIPPluginJar : add aes
2025-06-23 08:58:48,562 [INFO] IPUIPlugin:80 - create IPUIPlugin
2025-06-23 08:58:48,563 [INFO] PluginManager:220 - loadIPPluginJar : add can
2025-06-23 08:58:48,565 [INFO] IPUIPlugin:80 - create IPUIPlugin
2025-06-23 08:58:48,565 [INFO] PluginManager:220 - loadIPPluginJar : add comp
2025-06-23 08:58:48,569 [INFO] IPUIPlugin:80 - create IPUIPlugin
2025-06-23 08:58:48,569 [INFO] PluginManager:220 - loadIPPluginJar : add cryp
2025-06-23 08:58:48,577 [INFO] IPUIPlugin:80 - create IPUIPlugin
2025-06-23 08:58:48,577 [INFO] PluginManager:220 - loadIPPluginJar : add ddr_ctrl_phy
2025-06-23 08:58:48,580 [INFO] IPUIPlugin:80 - create IPUIPlugin
2025-06-23 08:58:48,580 [INFO] PluginManager:220 - loadIPPluginJar : add dfsdm
2025-06-23 08:58:48,588 [INFO] IPUIPlugin:80 - create IPUIPlugin
2025-06-23 08:58:48,588 [INFO] PluginManager:220 - loadIPPluginJar : add dma
2025-06-23 08:58:48,593 [INFO] IPUIPlugin:80 - create IPUIPlugin
2025-06-23 08:58:48,593 [INFO] PluginManager:220 - loadIPPluginJar : add dma3
2025-06-23 08:58:48,599 [INFO] IPUIPlugin:80 - create IPUIPlugin
2025-06-23 08:58:48,600 [INFO] PluginManager:220 - loadIPPluginJar : add extmemmanager
2025-06-23 08:58:48,601 [INFO] IPUIPlugin:80 - create IPUIPlugin
2025-06-23 08:58:48,601 [INFO] PluginManager:220 - loadIPPluginJar : add fatfs
2025-06-23 08:58:48,607 [INFO] IPUIPlugin:80 - create IPUIPlugin
2025-06-23 08:58:48,607 [INFO] PluginManager:220 - loadIPPluginJar : add fmc
2025-06-23 08:58:48,623 [INFO] IPUIPlugin:80 - create IPUIPlugin
2025-06-23 08:58:48,624 [INFO] PluginManager:220 - loadIPPluginJar : add freertos
2025-06-23 08:58:48,626 [INFO] IPUIPlugin:80 - create IPUIPlugin
2025-06-23 08:58:48,627 [INFO] PluginManager:220 - loadIPPluginJar : add genericplugin
2025-06-23 08:58:48,632 [INFO] IPUIPlugin:80 - create IPUIPlugin
2025-06-23 08:58:48,632 [INFO] PluginManager:220 - loadIPPluginJar : add gfxmmu
2025-06-23 08:58:48,639 [INFO] IPUIPlugin:80 - create IPUIPlugin
2025-06-23 08:58:48,639 [INFO] PluginManager:220 - loadIPPluginJar : add gic
2025-06-23 08:58:48,645 [INFO] IPUIPlugin:80 - create IPUIPlugin
2025-06-23 08:58:48,645 [INFO] PluginManager:220 - loadIPPluginJar : add gpio
2025-06-23 08:58:48,649 [INFO] IPUIPlugin:80 - create IPUIPlugin
2025-06-23 08:58:48,649 [INFO] PluginManager:220 - loadIPPluginJar : add gtzc
2025-06-23 08:58:48,654 [INFO] IPUIPlugin:80 - create IPUIPlugin
2025-06-23 08:58:48,654 [INFO] PluginManager:220 - loadIPPluginJar : add hash
2025-06-23 08:58:48,658 [INFO] IPUIPlugin:80 - create IPUIPlugin
2025-06-23 08:58:48,658 [INFO] PluginManager:220 - loadIPPluginJar : add i2c
2025-06-23 08:58:48,662 [INFO] IPUIPlugin:80 - create IPUIPlugin
2025-06-23 08:58:48,662 [INFO] PluginManager:220 - loadIPPluginJar : add i2s
2025-06-23 08:58:48,667 [INFO] IPUIPlugin:80 - create IPUIPlugin
2025-06-23 08:58:48,667 [INFO] PluginManager:220 - loadIPPluginJar : add i3c
2025-06-23 08:58:48,672 [INFO] IPUIPlugin:80 - create IPUIPlugin
2025-06-23 08:58:48,672 [INFO] PluginManager:220 - loadIPPluginJar : add ipddr
2025-06-23 08:58:48,683 [INFO] IPUIPlugin:80 - create IPUIPlugin
2025-06-23 08:58:48,684 [INFO] PluginManager:220 - loadIPPluginJar : add linkedlist
2025-06-23 08:58:48,689 [INFO] IPUIPlugin:80 - create IPUIPlugin
2025-06-23 08:58:48,689 [INFO] PluginManager:220 - loadIPPluginJar : add lorawan
2025-06-23 08:58:48,693 [INFO] IPUIPlugin:80 - create IPUIPlugin
2025-06-23 08:58:48,693 [INFO] PluginManager:220 - loadIPPluginJar : add ltdc
2025-06-23 08:58:48,702 [INFO] IPUIPlugin:80 - create IPUIPlugin
2025-06-23 08:58:48,702 [INFO] PluginManager:220 - loadIPPluginJar : add mdma
2025-06-23 08:58:48,708 [INFO] IPUIPlugin:80 - create IPUIPlugin
2025-06-23 08:58:48,709 [INFO] PluginManager:220 - loadIPPluginJar : add nvic
2025-06-23 08:58:48,714 [INFO] IPUIPlugin:80 - create IPUIPlugin
2025-06-23 08:58:48,714 [INFO] PluginManager:220 - loadIPPluginJar : add opamp
2025-06-23 08:58:48,720 [INFO] IPUIPlugin:80 - create IPUIPlugin
2025-06-23 08:58:48,720 [INFO] PluginManager:220 - loadIPPluginJar : add openamp
2025-06-23 08:58:48,724 [INFO] IPUIPlugin:80 - create IPUIPlugin
2025-06-23 08:58:48,724 [INFO] PluginManager:220 - loadIPPluginJar : add pdm2pcm
2025-06-23 08:58:48,733 [INFO] IPUIPlugin:80 - create IPUIPlugin
2025-06-23 08:58:48,736 [INFO] PluginManager:220 - loadIPPluginJar : add plateformsettings
2025-06-23 08:58:48,741 [INFO] IPUIPlugin:80 - create IPUIPlugin
2025-06-23 08:58:48,741 [INFO] PluginManager:220 - loadIPPluginJar : add quadspi
2025-06-23 08:58:48,745 [INFO] IPUIPlugin:80 - create IPUIPlugin
2025-06-23 08:58:48,746 [INFO] PluginManager:220 - loadIPPluginJar : add radio
2025-06-23 08:58:48,753 [INFO] IPUIPlugin:80 - create IPUIPlugin
2025-06-23 08:58:48,754 [INFO] PluginManager:220 - loadIPPluginJar : add resmgrutility
2025-06-23 08:58:48,758 [INFO] IPUIPlugin:80 - create IPUIPlugin
2025-06-23 08:58:48,758 [INFO] PluginManager:220 - loadIPPluginJar : add sai
2025-06-23 08:58:48,764 [INFO] IPUIPlugin:80 - create IPUIPlugin
2025-06-23 08:58:48,764 [INFO] PluginManager:220 - loadIPPluginJar : add spi
2025-06-23 08:58:48,772 [INFO] IPUIPlugin:80 - create IPUIPlugin
2025-06-23 08:58:48,772 [INFO] PluginManager:220 - loadIPPluginJar : add stm32_wpan
2025-06-23 08:58:48,775 [INFO] IPUIPlugin:80 - create IPUIPlugin
2025-06-23 08:58:48,775 [INFO] PluginManager:220 - loadIPPluginJar : add tim
2025-06-23 08:58:48,781 [INFO] IPUIPlugin:80 - create IPUIPlugin
2025-06-23 08:58:48,781 [INFO] PluginManager:220 - loadIPPluginJar : add touchsensing
2025-06-23 08:58:48,786 [INFO] IPUIPlugin:80 - create IPUIPlugin
2025-06-23 08:58:48,786 [INFO] PluginManager:220 - loadIPPluginJar : add tracer_emb
2025-06-23 08:58:48,789 [INFO] IPUIPlugin:80 - create IPUIPlugin
2025-06-23 08:58:48,790 [INFO] PluginManager:220 - loadIPPluginJar : add ts
2025-06-23 08:58:48,792 [INFO] IPUIPlugin:80 - create IPUIPlugin
2025-06-23 08:58:48,792 [INFO] PluginManager:220 - loadIPPluginJar : add tsc
2025-06-23 08:58:48,796 [INFO] IPUIPlugin:80 - create IPUIPlugin
2025-06-23 08:58:48,796 [INFO] PluginManager:220 - loadIPPluginJar : add ucpd
2025-06-23 08:58:48,799 [INFO] IPUIPlugin:80 - create IPUIPlugin
2025-06-23 08:58:48,799 [INFO] PluginManager:220 - loadIPPluginJar : add usart
2025-06-23 08:58:48,803 [INFO] IPUIPlugin:80 - create IPUIPlugin
2025-06-23 08:58:48,803 [INFO] PluginManager:220 - loadIPPluginJar : add usbx
2025-06-23 08:58:48,952 [FATAL] Updater:351 - Updater called before beeing initialized
2025-06-23 08:58:48,985 [INFO] RulesReader:64 - Compatibility file has been processed (302 Rules)
2025-06-23 08:58:48,999 [INFO] RulesReader:64 - Compatibility file has been processed (302 Rules)
2025-06-23 08:58:49,013 [INFO] CADModel:165 - CPN selected for project level
2025-06-23 08:58:49,013 [INFO] CADModel:114 - Register for checkConnection events
2025-06-23 08:58:49,013 [FATAL] Updater:351 - Updater called before beeing initialized
2025-06-23 08:58:49,013 [ERROR] CADModel:125 - Updater not yet initialized, retry later 
2025-06-23 08:58:49,240 [FATAL] Updater:351 - Updater called before beeing initialized
2025-06-23 08:58:49,247 [INFO] CADModel:165 - CPN selected for project level
2025-06-23 08:58:49,247 [INFO] CADModel:114 - Register for checkConnection events
2025-06-23 08:58:49,247 [FATAL] Updater:351 - Updater called before beeing initialized
2025-06-23 08:58:49,248 [ERROR] CADModel:125 - Updater not yet initialized, retry later 
2025-06-23 08:58:49,256 [FATAL] Updater:351 - Updater called before beeing initialized
2025-06-23 08:58:49,423 [FATAL] Updater:351 - Updater called before beeing initialized
2025-06-23 08:58:49,428 [INFO] DbMcusAds:53 - JSON generation date=Thu Mar 06 20:24:21 IST 2025 (1741272861825)
2025-06-23 08:58:49,429 [FATAL] Updater:351 - Updater called before beeing initialized
2025-06-23 08:58:49,480 [WARN] DetailPanel:346 - Failed to get advertising image, set to default
2025-06-23 08:58:49,823 [FATAL] Updater:351 - Updater called before beeing initialized
2025-06-23 08:58:49,826 [FATAL] Updater:351 - Updater called before beeing initialized
2025-06-23 08:58:49,826 [FATAL] Updater:351 - Updater called before beeing initialized
2025-06-23 08:58:49,826 [WARN] DetailPanel:346 - Failed to get advertising image, set to default
2025-06-23 08:58:49,827 [FATAL] Updater:351 - Updater called before beeing initialized
2025-06-23 08:58:49,897 [ERROR] Updater:1198 - MainUpdater not yet initialized. External WinMGr cannot be set.
2025-06-23 08:58:49,899 [INFO] Updater:1134 - Updater Version found : 6.14.1
2025-06-23 08:58:49,926 [INFO] ApplicationProperties:184 - Using Application install path: C:\ST\STM32CubeIDE_1.18.1\STM32CubeIDE\plugins\com.st.stm32cube.common.mx_6.14.1.202504091515
2025-06-23 08:58:50,357 [INFO] MainUpdater:2872 - connection check result : 10
2025-06-23 08:58:50,357 [INFO] MainUpdater:3566 - Updater definition file requires update
2025-06-23 08:58:50,358 [INFO] MainUpdater:289 - Updater Check For Update Now.
2025-06-23 08:58:50,358 [INFO] MicroXplorer:498 - Change Database Version : DB.6.0.141
2025-06-23 08:58:50,366 [INFO] McuFinderGlobals:63 - Set McuFinder mode to 2 (CubeIDE integrated)
2025-06-23 08:58:50,368 [INFO] UserAuth:484 - Internet connection configuration mode: 1
2025-06-23 08:58:50,387 [INFO] ServerAccessManage:473 - Download File updaters.zip
2025-06-23 08:58:50,398 [INFO] JxBrowserEngine:152 - Initiate JxBrowser Engine with user profile folder
2025-06-23 08:58:50,621 [INFO] FileExtend:242 - Unzip File : updaters.zip
2025-06-23 08:58:50,622 [INFO] FileExtend:257 - Standard Zip Deflate
2025-06-23 08:58:50,817 [WARN] MainUpdater:1193 - Updater busy. Cannot search thirdparties
2025-06-23 08:58:50,818 [INFO] ThirdPartyUpdaterWithRetryManager:96 - Updater plugin is busy. [1/15]
2025-06-23 08:58:51,216 [INFO] ServerAccessManage:473 - Download File PacksControlFlags.xml
2025-06-23 08:58:51,319 [INFO] ServerAccessManage:473 - Download File cubemx.pidx
2025-06-23 08:58:53,000 [INFO] WebApp:169 - Instantiating new browser for Auth
2025-06-23 08:58:53,261 [INFO] ServerAccessManage:473 - Download File STMicroelectronics.X-CUBE-PM33A1.pdsc
2025-06-23 08:58:53,820 [WARN] MainUpdater:1193 - Updater busy. Cannot search thirdparties
2025-06-23 08:58:53,820 [INFO] ThirdPartyUpdaterWithRetryManager:96 - Updater plugin is busy. [2/15]
2025-06-23 08:58:55,963 [WARN] PackLoader:240 - Cannot read IP mode file for STMicroelectronics.X-CUBE-PM33A1.1.0.0
2025-06-23 08:58:55,971 [INFO] PopulateThirdPartyThread:66 - Ending populate Thread
2025-06-23 08:58:55,980 [INFO] ThirdParty:1030 - CMSIS Pack Vendor :STMicroelectronics X-CUBE-PM33A1 1.0.0
2025-06-23 08:58:55,981 [INFO] LoadServerUpdatesThread:375 - End of LoadServerUpdate Thread
2025-06-23 08:58:56,204 [INFO] WebApp:463 - Apply proxy settings
2025-06-23 08:58:56,205 [INFO] WebApp:548 - Chromium requires no authentication
2025-06-23 08:58:56,228 [INFO] WebApp:491 - Direct internet connection detected
2025-06-23 08:58:56,304 [INFO] CheckServerUpdateThread:120 - End of CheckServer Thread
2025-06-23 08:58:56,308 [INFO] WebApp:894 - Register for checkConnection events
2025-06-23 08:58:56,308 [INFO] WebApp:463 - Apply proxy settings
2025-06-23 08:58:56,309 [INFO] WebApp:548 - Chromium requires no authentication
2025-06-23 08:58:56,311 [INFO] WebApp:491 - Direct internet connection detected
2025-06-23 08:58:56,819 [INFO] WebApp:225 - Starting web application
2025-06-23 08:58:56,819 [INFO] WebApp:593 - Web application path used C:\ST\STM32CubeIDE_1.18.1\STM32CubeIDE\plugins\com.st.stm32cube.common.mx_6.14.1.202504091515\db\plugins\mcufinder\reactClient1\index.html
2025-06-23 08:58:56,844 [INFO] WebApp:191 - Connection restablished
2025-06-23 08:58:57,327 [INFO] UserAuth:484 - Internet connection configuration mode: 1
2025-06-23 08:58:57,419 [WARN] PackLoader:240 - Cannot read IP mode file for STMicroelectronics.FP-SNS-MOTENVWB1.1.4.0
2025-06-23 08:58:57,433 [WARN] PackLoader:240 - Cannot read IP mode file for STMicroelectronics.FP-ATR-ASTRA1.2.0.2
2025-06-23 08:58:57,462 [WARN] PackLoader:240 - Cannot read IP mode file for STMicroelectronics.X-CUBE-SMBUS.2.1.0
2025-06-23 08:58:57,475 [WARN] PackLoader:240 - Cannot read IP mode file for STMicroelectronics.X-CUBE-ST60.1.0.0
2025-06-23 08:58:57,535 [WARN] PackLoader:240 - Cannot read IP mode file for STMicroelectronics.X-CUBE-AZRTOS-F7.1.1.0
2025-06-23 08:58:57,608 [WARN] PackLoader:240 - Cannot read IP mode file for Infineon.AIROC-Wi-Fi-Bluetooth-STM32.1.7.0
2025-06-23 08:58:57,641 [WARN] PackLoader:240 - Cannot read IP mode file for STMicroelectronics.X-CUBE-DISPLAY.3.0.0
2025-06-23 08:58:57,668 [WARN] PackLoader:240 - Cannot read IP mode file for STMicroelectronics.X-CUBE-NFC10.1.0.0
2025-06-23 08:58:57,694 [WARN] PackLoader:240 - Cannot read IP mode file for STMicroelectronics.X-CUBE-BLEMGR.4.0.0
2025-06-23 08:58:57,711 [WARN] PackLoader:240 - Cannot read IP mode file for emotas.I-CUBE-CANOPEN.1.3.0
2025-06-23 08:58:57,725 [WARN] ConditionMgr:438 - getConditionDescription Invalid condition id : Cortex-A Device cause : null
2025-06-23 08:58:57,746 [WARN] ConditionMgr:1044 - genDependencies : Invalid condition id : Cortex-A Device cause : null
2025-06-23 08:58:57,747 [WARN] ConditionMgr:1044 - genDependencies : Invalid condition id : Cortex-A Device cause : null
2025-06-23 08:58:57,747 [WARN] ConditionMgr:1044 - genDependencies : Invalid condition id : Cortex-A Device cause : null
2025-06-23 08:58:57,755 [WARN] PackLoader:240 - Cannot read IP mode file for STMicroelectronics.X-CUBE-AI.10.0.0
2025-06-23 08:58:57,767 [WARN] PackLoader:240 - Cannot read IP mode file for STMicroelectronics.FP-SNS-SMARTAG2.1.2.0
2025-06-23 08:58:57,778 [WARN] PackLoader:240 - Cannot read IP mode file for STMicroelectronics.FP-SNS-FLIGHT1.5.1.0
2025-06-23 08:58:57,803 [INFO] LogOutputStream:77 - [STDOUT_REDIRECT] 1 : Invalid condition id : UX_CORESTACK_Condition cause : null
2025-06-23 08:58:57,805 [INFO] LogOutputStream:77 - [STDOUT_REDIRECT] 1 : Invalid condition id : UX_CORESTACK_Condition cause : null
2025-06-23 08:58:57,809 [INFO] LogOutputStream:77 - [STDOUT_REDIRECT] 1 : Invalid condition id : UX_CORESTACK_Condition cause : null
2025-06-23 08:58:57,813 [INFO] LogOutputStream:77 - [STDOUT_REDIRECT] 1 : Invalid condition id : UX_CORESTACK_Condition cause : null
2025-06-23 08:58:57,817 [INFO] LogOutputStream:77 - [STDOUT_REDIRECT] 1 : Invalid condition id : UX_CORESTACK_Condition cause : null
2025-06-23 08:58:57,827 [WARN] PackLoader:240 - Cannot read IP mode file for STMicroelectronics.X-CUBE-AZRTOS-WL.2.0.0
2025-06-23 08:58:57,844 [WARN] PackLoader:240 - Cannot read IP mode file for STMicroelectronics.FP-SNS-MOTENV1.5.0.0
2025-06-23 08:58:57,863 [WARN] PackLoader:240 - Cannot read IP mode file for WES.I-CUBE-Cesium.1.3.0
2025-06-23 08:58:57,873 [WARN] PackLoader:240 - Cannot read IP mode file for STMicroelectronics.X-CUBE-BLE2.3.3.0
2025-06-23 08:58:57,888 [WARN] PackLoader:240 - Cannot read IP mode file for STMicroelectronics.X-CUBE-NFC9.1.0.0
2025-06-23 08:58:57,904 [WARN] PackLoader:240 - Cannot read IP mode file for STMicroelectronics.X-CUBE-BLE1.7.1.0
2025-06-23 08:58:57,915 [WARN] PackLoader:240 - Cannot read IP mode file for wolfSSL.I-CUBE-wolfMQTT.1.19.2
2025-06-23 08:58:57,921 [WARN] PackLoader:240 - Cannot read IP mode file for STMicroelectronics.X-CUBE-AI.10.1.0
2025-06-23 08:58:58,087 [WARN] PackLoader:240 - Cannot read IP mode file for STMicroelectronics.X-CUBE-MEMS1.11.2.0
2025-06-23 08:58:58,542 [WARN] PackLoader:240 - Cannot read IP mode file for STMicroelectronics.X-CUBE-AZRTOS-G0.1.1.0
2025-06-23 08:58:58,567 [WARN] PackLoader:240 - Cannot read IP mode file for STMicroelectronics.X-CUBE-SAFEA1.1.2.2
2025-06-23 08:58:58,650 [WARN] PackLoader:240 - Cannot read IP mode file for STMicroelectronics.X-CUBE-NFC4.3.0.0
2025-06-23 08:58:58,671 [WARN] PackLoader:240 - Cannot read IP mode file for EmbeddedOffice.I-CUBE-FS-RTOS.1.0.1
2025-06-23 08:58:58,684 [WARN] PackLoader:240 - Cannot read IP mode file for STMicroelectronics.X-CUBE-WB05N.2.0.0
2025-06-23 08:58:58,692 [WARN] PackLoader:240 - Cannot read IP mode file for wolfSSL.I-CUBE-wolfTPM.3.8.0
2025-06-23 08:58:58,703 [WARN] PackLoader:240 - Cannot read IP mode file for STMicroelectronics.X-CUBE-TCPP.4.2.0
2025-06-23 08:58:58,715 [WARN] PackLoader:240 - Cannot read IP mode file for RealThread.X-CUBE-RT-Thread_Nano.4.1.1
2025-06-23 08:58:58,726 [WARN] PackLoader:240 - Cannot read IP mode file for STMicroelectronics.FP-ATR-SIGFOX1.3.2.0
2025-06-23 08:58:58,741 [WARN] PackLoader:240 - Cannot read IP mode file for STMicroelectronics.X-CUBE-EEPRMA1.5.1.0
2025-06-23 08:58:58,751 [WARN] PackLoader:240 - Cannot read IP mode file for wolfSSL.I-CUBE-wolfSSL.5.7.6
2025-06-23 08:58:58,764 [WARN] PackLoader:240 - Cannot read IP mode file for ITTIA_DB.I-CUBE-ITTIADB.8.9.0
2025-06-23 08:58:58,782 [WARN] PackLoader:240 - Cannot read IP mode file for STMicroelectronics.X-CUBE-ST67W61.1.0.0
2025-06-23 08:58:58,853 [WARN] PackLoader:240 - Cannot read IP mode file for SEGGER.I-CUBE-embOS.1.3.1
2025-06-23 08:58:58,950 [WARN] PackLoader:240 - Cannot read IP mode file for STMicroelectronics.X-CUBE-ALGOBUILD.1.4.0
2025-06-23 08:58:59,232 [WARN] PackLoader:240 - Cannot read IP mode file for STMicroelectronics.X-CUBE-MEMS1.11.3.0
2025-06-23 08:58:59,751 [WARN] PackLoader:240 - Cannot read IP mode file for STMicroelectronics.X-CUBE-PM33A1.1.0.0
2025-06-23 08:58:59,845 [WARN] PackLoader:240 - Cannot read IP mode file for STMicroelectronics.X-CUBE-AZRTOS-F4.1.1.0
2025-06-23 08:58:59,903 [WARN] PackLoader:240 - Cannot read IP mode file for Avnet-IotConnect.X-CUBE-IoTC-DA16k-PMOD.1.0.0
2025-06-23 08:58:59,913 [WARN] PackLoader:240 - Cannot read IP mode file for STMicroelectronics.X-CUBE-ISPU.2.1.0
2025-06-23 08:59:00,079 [WARN] PackLoader:240 - Cannot read IP mode file for STMicroelectronics.X-CUBE-AZRTOS-L5.2.0.0
2025-06-23 08:59:00,111 [WARN] PackLoader:240 - Cannot read IP mode file for STMicroelectronics.X-CUBE-NFC6.3.1.0
2025-06-23 08:59:00,125 [WARN] PackLoader:240 - Cannot read IP mode file for STMicroelectronics.X-CUBE-FREERTOS.1.3.1
2025-06-23 08:59:00,132 [WARN] PackLoader:240 - Cannot read IP mode file for STMicroelectronics.X-CUBE-FREERTOS.1.3.0
2025-06-23 08:59:00,192 [WARN] PackLoader:240 - Cannot read IP mode file for STMicroelectronics.X-CUBE-NFC7.1.0.1
2025-06-23 08:59:00,203 [WARN] PackLoader:240 - Cannot read IP mode file for STMicroelectronics.X-CUBE-DPower.1.3.0
2025-06-23 08:59:00,250 [WARN] ConditionMgr:438 - getConditionDescription Invalid condition id : LAN8742 Phy interface Condition cause : null
2025-06-23 08:59:00,251 [WARN] PackLoader:240 - Cannot read IP mode file for STMicroelectronics.X-CUBE-AZRTOS-L4.2.0.0
2025-06-23 08:59:00,253 [WARN] ConditionMgr:1044 - genDependencies : Invalid condition id : LAN8742 Phy interface Condition cause : null
2025-06-23 08:59:00,254 [WARN] ConditionMgr:1044 - genDependencies : Invalid condition id : LAN8742 Phy interface Condition cause : null
2025-06-23 08:59:00,255 [WARN] ConditionMgr:1044 - genDependencies : Invalid condition id : LAN8742 Phy interface Condition cause : null
2025-06-23 08:59:00,269 [WARN] PackLoader:240 - Cannot read IP mode file for STMicroelectronics.X-CUBE-SFXS2LP1.4.0.0
2025-06-23 08:59:00,354 [WARN] PackLoader:240 - Cannot read IP mode file for STMicroelectronics.X-CUBE-AZRTOS-H7.3.3.0
2025-06-23 08:59:00,420 [WARN] ConditionMgr:438 - getConditionDescription Invalid condition id : UX DEVICE CLASS RTOS Condition cause : null
2025-06-23 08:59:00,421 [WARN] ConditionMgr:438 - getConditionDescription Invalid condition id : UX DEVICE CLASS RTOS Condition cause : null
2025-06-23 08:59:00,426 [WARN] PackLoader:240 - Cannot read IP mode file for STMicroelectronics.X-CUBE-AZRTOS-WB.2.0.0
2025-06-23 08:59:00,427 [WARN] ConditionMgr:1044 - genDependencies : Invalid condition id : UX DEVICE CLASS RTOS Condition cause : null
2025-06-23 08:59:00,427 [WARN] ConditionMgr:1044 - genDependencies : Invalid condition id : UX DEVICE CLASS RTOS Condition cause : null
2025-06-23 08:59:00,428 [WARN] ConditionMgr:1044 - genDependencies : Invalid condition id : UX DEVICE CLASS RTOS Condition cause : null
2025-06-23 08:59:00,429 [WARN] ConditionMgr:1044 - genDependencies : Invalid condition id : UX DEVICE CLASS RTOS Condition cause : null
2025-06-23 08:59:00,429 [WARN] ConditionMgr:1044 - genDependencies : Invalid condition id : UX DEVICE CLASS RTOS Condition cause : null
2025-06-23 08:59:00,448 [WARN] PackLoader:240 - Cannot read IP mode file for STMicroelectronics.X-CUBE-GNSS1.7.0.1
2025-06-23 08:59:00,459 [WARN] PackLoader:240 - Cannot read IP mode file for STMicroelectronics.X-CUBE-TOUCHGFX.4.25.0
2025-06-23 08:59:00,471 [WARN] PackLoader:240 - Cannot read IP mode file for STMicroelectronics.FP-SNS-STBOX1.2.0.0
2025-06-23 08:59:00,496 [WARN] PackLoader:240 - Cannot read IP mode file for STMicroelectronics.X-CUBE-SUBG2.5.0.0
2025-06-23 08:59:00,554 [WARN] PackLoader:240 - Cannot read IP mode file for STMicroelectronics.X-CUBE-AZRTOS-H7RS.1.1.0
2025-06-23 08:59:00,583 [WARN] PackLoader:240 - Cannot read IP mode file for Cesanta.I-CUBE-Mongoose.7.13.0
2025-06-23 08:59:00,616 [WARN] PackLoader:240 - Cannot read IP mode file for STMicroelectronics.X-CUBE-AZRTOS-G4.2.0.0
2025-06-23 08:59:00,631 [WARN] PackLoader:240 - Cannot read IP mode file for wolfSSL.I-CUBE-wolfSSH.1.4.20
2025-06-23 08:59:00,638 [WARN] PackLoader:240 - Cannot read IP mode file for STMicroelectronics.X-CUBE-NFC7.2.0.0
2025-06-23 08:59:00,667 [WARN] PackLoader:240 - Cannot read IP mode file for STMicroelectronics.X-CUBE-IPS.3.1.0
2025-06-23 08:59:00,687 [WARN] PackLoader:240 - Cannot read IP mode file for STMicroelectronics.X-CUBE-ALS.1.0.2
2025-06-23 08:59:00,713 [WARN] PackLoader:240 - Cannot read IP mode file for portGmbH.I-Cube-SoM-uGOAL.1.1.0
2025-06-23 08:59:00,734 [WARN] PackLoader:240 - Cannot read IP mode file for STMicroelectronics.X-CUBE-TOF1.3.4.3
2025-06-23 08:59:00,764 [INFO] ThirdParty:978 - Integrity check success = true
2025-06-23 08:59:00,764 [INFO] IntegrityCheckThread:100 - exiting critical section [integrity check]
2025-06-23 08:59:00,764 [INFO] IntegrityCheckThread:103 - End integrity checks thread
